#! /usr/bin/vvp
:ivl_version "10.3 (stable)";
:ivl_delay_selection "TYPICAL";
:vpi_time_precision - 11;
:vpi_module "system";
:vpi_module "vhdl_sys";
:vpi_module "v2005_math";
:vpi_module "va_math";
S_0x561e06e56af0 .scope module, "BCNN_tb" "BCNN_tb" 2 9;
 .timescale -9 -11;
P_0x561e06e56c70 .param/l "DATA_LENGTH" 0 2 11, +C4<00000000000000000000000001100100>;
v0x561e06e88520_0 .var "bias_in", 3 0;
v0x561e06e88600 .array "bias_mem", 99 0, 3 0;
v0x561e06e886a0_0 .var "clk", 0 0;
v0x561e06e887a0_0 .var "data_in", 8 0;
v0x561e06e88870 .array "data_mem", 99 0, 8 0;
v0x561e06e88910_0 .net "data_out", 0 0, v0x561e06e87d00_0;  1 drivers
v0x561e06e889b0_0 .var/i "err", 31 0;
v0x561e06e88a50_0 .var/i "i", 31 0;
v0x561e06e88b30_0 .var/i "out_file", 31 0;
v0x561e06e88ca0 .array "out_mem", 99 0, 0 0;
v0x561e06e88d40_0 .var "reset", 0 0;
v0x561e06e88e10_0 .var "stop", 0 0;
v0x561e06e88eb0_0 .var "weight_in", 8 0;
v0x561e06e88fa0 .array "weight_mem", 99 0, 8 0;
E_0x561e06e67220 .event posedge, v0x561e06e88e10_0;
E_0x561e06e683e0 .event posedge, v0x561e06e87b50_0;
E_0x561e06e676f0 .event negedge, v0x561e06e87b50_0;
S_0x561e06e27050 .scope module, "BCNN" "BCNN" 2 27, 3 1 0, S_0x561e06e56af0;
 .timescale -9 -11;
    .port_info 0 /INPUT 1 "clk_in"
    .port_info 1 /INPUT 1 "reset_in"
    .port_info 2 /INPUT 9 "data_in"
    .port_info 3 /INPUT 9 "weight_in"
    .port_info 4 /INPUT 4 "bias_in"
    .port_info 5 /OUTPUT 1 "data_out"
v0x561e06e27330_0 .net "bias_in", 3 0, v0x561e06e88520_0;  1 drivers
v0x561e06e87a90_0 .var "binarized_out", 0 0;
v0x561e06e87b50_0 .net "clk_in", 0 0, v0x561e06e886a0_0;  1 drivers
v0x561e06e87c20_0 .net "data_in", 8 0, v0x561e06e887a0_0;  1 drivers
v0x561e06e87d00_0 .var "data_out", 0 0;
v0x561e06e87e10_0 .var/i "i", 31 0;
v0x561e06e87ef0 .array "partial_product", 8 0, 0 0;
v0x561e06e88100_0 .var "population_count", 3 0;
v0x561e06e881e0_0 .net "reset_in", 0 0, v0x561e06e88d40_0;  1 drivers
v0x561e06e882a0_0 .var "true_sum", 4 0;
v0x561e06e88380_0 .net "weight_in", 8 0, v0x561e06e88eb0_0;  1 drivers
E_0x561e06e565b0/0 .event negedge, v0x561e06e881e0_0;
E_0x561e06e565b0/1 .event posedge, v0x561e06e87b50_0;
E_0x561e06e565b0 .event/or E_0x561e06e565b0/0, E_0x561e06e565b0/1;
E_0x561e06e565f0 .event edge, v0x561e06e88100_0, v0x561e06e27330_0, v0x561e06e882a0_0;
v0x561e06e87ef0_0 .array/port v0x561e06e87ef0, 0;
v0x561e06e87ef0_1 .array/port v0x561e06e87ef0, 1;
v0x561e06e87ef0_2 .array/port v0x561e06e87ef0, 2;
v0x561e06e87ef0_3 .array/port v0x561e06e87ef0, 3;
E_0x561e06e5c7b0/0 .event edge, v0x561e06e87ef0_0, v0x561e06e87ef0_1, v0x561e06e87ef0_2, v0x561e06e87ef0_3;
v0x561e06e87ef0_4 .array/port v0x561e06e87ef0, 4;
v0x561e06e87ef0_5 .array/port v0x561e06e87ef0, 5;
v0x561e06e87ef0_6 .array/port v0x561e06e87ef0, 6;
v0x561e06e87ef0_7 .array/port v0x561e06e87ef0, 7;
E_0x561e06e5c7b0/1 .event edge, v0x561e06e87ef0_4, v0x561e06e87ef0_5, v0x561e06e87ef0_6, v0x561e06e87ef0_7;
v0x561e06e87ef0_8 .array/port v0x561e06e87ef0, 8;
E_0x561e06e5c7b0/2 .event edge, v0x561e06e87ef0_8;
E_0x561e06e5c7b0 .event/or E_0x561e06e5c7b0/0, E_0x561e06e5c7b0/1, E_0x561e06e5c7b0/2;
E_0x561e06e5e2e0 .event edge, v0x561e06e87e10_0, v0x561e06e87c20_0, v0x561e06e88380_0;
    .scope S_0x561e06e27050;
T_0 ;
    %wait E_0x561e06e5e2e0;
    %pushi/vec4 0, 0, 32;
    %store/vec4 v0x561e06e87e10_0, 0, 32;
T_0.0 ;
    %load/vec4 v0x561e06e87e10_0;
    %cmpi/s 9, 0, 32;
    %jmp/0xz T_0.1, 5;
    %load/vec4 v0x561e06e87c20_0;
    %load/vec4 v0x561e06e87e10_0;
    %part/s 1;
    %load/vec4 v0x561e06e88380_0;
    %load/vec4 v0x561e06e87e10_0;
    %part/s 1;
    %xnor;
    %ix/getv/s 4, v0x561e06e87e10_0;
    %store/vec4a v0x561e06e87ef0, 4, 0;
    %load/vec4 v0x561e06e87e10_0;
    %addi 1, 0, 32;
    %store/vec4 v0x561e06e87e10_0, 0, 32;
    %jmp T_0.0;
T_0.1 ;
    %jmp T_0;
    .thread T_0, $push;
    .scope S_0x561e06e27050;
T_1 ;
    %wait E_0x561e06e5c7b0;
    %ix/load 4, 0, 0;
    %flag_set/imm 4, 0;
    %load/vec4a v0x561e06e87ef0, 4;
    %pad/u 4;
    %ix/load 4, 1, 0;
    %flag_set/imm 4, 0;
    %load/vec4a v0x561e06e87ef0, 4;
    %pad/u 4;
    %add;
    %ix/load 4, 2, 0;
    %flag_set/imm 4, 0;
    %load/vec4a v0x561e06e87ef0, 4;
    %pad/u 4;
    %add;
    %ix/load 4, 3, 0;
    %flag_set/imm 4, 0;
    %load/vec4a v0x561e06e87ef0, 4;
    %pad/u 4;
    %add;
    %ix/load 4, 4, 0;
    %flag_set/imm 4, 0;
    %load/vec4a v0x561e06e87ef0, 4;
    %pad/u 4;
    %add;
    %ix/load 4, 5, 0;
    %flag_set/imm 4, 0;
    %load/vec4a v0x561e06e87ef0, 4;
    %pad/u 4;
    %add;
    %ix/load 4, 6, 0;
    %flag_set/imm 4, 0;
    %load/vec4a v0x561e06e87ef0, 4;
    %pad/u 4;
    %add;
    %ix/load 4, 7, 0;
    %flag_set/imm 4, 0;
    %load/vec4a v0x561e06e87ef0, 4;
    %pad/u 4;
    %add;
    %ix/load 4, 8, 0;
    %flag_set/imm 4, 0;
    %load/vec4a v0x561e06e87ef0, 4;
    %pad/u 4;
    %add;
    %store/vec4 v0x561e06e88100_0, 0, 4;
    %jmp T_1;
    .thread T_1, $push;
    .scope S_0x561e06e27050;
T_2 ;
    %wait E_0x561e06e565f0;
    %load/vec4 v0x561e06e88100_0;
    %pad/u 5;
    %muli 2, 0, 5;
    %subi 9, 0, 5;
    %load/vec4 v0x561e06e27330_0;
    %parti/s 1, 3, 3;
    %load/vec4 v0x561e06e27330_0;
    %concat/vec4; draw_concat_vec4
    %add;
    %store/vec4 v0x561e06e882a0_0, 0, 5;
    %load/vec4 v0x561e06e882a0_0;
    %parti/s 1, 4, 4;
    %cmpi/e 1, 0, 1;
    %jmp/0xz  T_2.0, 4;
    %pushi/vec4 0, 0, 1;
    %store/vec4 v0x561e06e87a90_0, 0, 1;
    %jmp T_2.1;
T_2.0 ;
    %pushi/vec4 1, 0, 1;
    %store/vec4 v0x561e06e87a90_0, 0, 1;
T_2.1 ;
    %jmp T_2;
    .thread T_2, $push;
    .scope S_0x561e06e27050;
T_3 ;
    %wait E_0x561e06e565b0;
    %load/vec4 v0x561e06e881e0_0;
    %cmpi/e 0, 0, 1;
    %jmp/0xz  T_3.0, 4;
    %pushi/vec4 0, 0, 1;
    %assign/vec4 v0x561e06e87d00_0, 0;
    %jmp T_3.1;
T_3.0 ;
    %load/vec4 v0x561e06e87a90_0;
    %assign/vec4 v0x561e06e87d00_0, 0;
T_3.1 ;
    %jmp T_3;
    .thread T_3;
    .scope S_0x561e06e56af0;
T_4 ;
    %vpi_call 2 38 "$readmemb", "./data.dat", v0x561e06e88870 {0 0 0};
    %end;
    .thread T_4;
    .scope S_0x561e06e56af0;
T_5 ;
    %vpi_call 2 39 "$readmemb", "./weight.dat", v0x561e06e88fa0 {0 0 0};
    %end;
    .thread T_5;
    .scope S_0x561e06e56af0;
T_6 ;
    %vpi_call 2 40 "$readmemb", "./bias.dat", v0x561e06e88600 {0 0 0};
    %end;
    .thread T_6;
    .scope S_0x561e06e56af0;
T_7 ;
    %vpi_call 2 41 "$readmemb", "./output.dat", v0x561e06e88ca0 {0 0 0};
    %end;
    .thread T_7;
    .scope S_0x561e06e56af0;
T_8 ;
    %pushi/vec4 1, 0, 1;
    %store/vec4 v0x561e06e886a0_0, 0, 1;
    %pushi/vec4 1, 0, 1;
    %store/vec4 v0x561e06e88d40_0, 0, 1;
    %pushi/vec4 0, 0, 1;
    %store/vec4 v0x561e06e88e10_0, 0, 1;
    %pushi/vec4 0, 0, 32;
    %store/vec4 v0x561e06e889b0_0, 0, 32;
    %pushi/vec4 0, 0, 32;
    %store/vec4 v0x561e06e88a50_0, 0, 32;
    %delay 250, 0;
    %pushi/vec4 0, 0, 1;
    %store/vec4 v0x561e06e88d40_0, 0, 1;
    %delay 250, 0;
    %pushi/vec4 1, 0, 1;
    %store/vec4 v0x561e06e88d40_0, 0, 1;
    %end;
    .thread T_8;
    .scope S_0x561e06e56af0;
T_9 ;
    %delay 500, 0;
    %load/vec4 v0x561e06e886a0_0;
    %inv;
    %store/vec4 v0x561e06e886a0_0, 0, 1;
    %jmp T_9;
    .thread T_9;
    .scope S_0x561e06e56af0;
T_10 ;
    %vpi_call 2 57 "$dumpfile", "BCNN.vcd" {0 0 0};
    %vpi_call 2 58 "$dumpvars" {0 0 0};
    %vpi_func 2 60 "$fopen" 32, "out.dat" {0 0 0};
    %store/vec4 v0x561e06e88b30_0, 0, 32;
    %load/vec4 v0x561e06e88b30_0;
    %cmpi/e 0, 0, 32;
    %jmp/0xz  T_10.0, 4;
    %vpi_call 2 62 "$display", "Output file open error !" {0 0 0};
    %vpi_call 2 63 "$finish" {0 0 0};
T_10.0 ;
    %end;
    .thread T_10;
    .scope S_0x561e06e56af0;
T_11 ;
    %wait E_0x561e06e676f0;
    %load/vec4 v0x561e06e88a50_0;
    %cmpi/s 100, 0, 32;
    %jmp/0xz  T_11.0, 5;
    %ix/getv/s 4, v0x561e06e88a50_0;
    %load/vec4a v0x561e06e88600, 4;
    %store/vec4 v0x561e06e88520_0, 0, 4;
    %ix/getv/s 4, v0x561e06e88a50_0;
    %load/vec4a v0x561e06e88870, 4;
    %store/vec4 v0x561e06e887a0_0, 0, 9;
    %ix/getv/s 4, v0x561e06e88a50_0;
    %load/vec4a v0x561e06e88fa0, 4;
    %store/vec4 v0x561e06e88eb0_0, 0, 9;
T_11.0 ;
    %load/vec4 v0x561e06e88a50_0;
    %addi 1, 0, 32;
    %store/vec4 v0x561e06e88a50_0, 0, 32;
    %jmp T_11;
    .thread T_11;
    .scope S_0x561e06e56af0;
T_12 ;
    %wait E_0x561e06e683e0;
    %load/vec4 v0x561e06e88a50_0;
    %cmpi/e 101, 0, 32;
    %jmp/0xz  T_12.0, 4;
    %pushi/vec4 1, 0, 1;
    %store/vec4 v0x561e06e88e10_0, 0, 1;
T_12.0 ;
    %delay 200, 0;
    %pushi/vec4 0, 0, 32;
    %load/vec4 v0x561e06e88a50_0;
    %cmp/s;
    %jmp/0xz  T_12.2, 5;
    %vpi_call 2 83 "$fdisplay", v0x561e06e88b30_0, "%b", v0x561e06e88910_0 {0 0 0};
    %load/vec4 v0x561e06e88910_0;
    %load/vec4 v0x561e06e88a50_0;
    %pad/s 33;
    %subi 1, 0, 33;
    %ix/vec4/s 4;
    %load/vec4a v0x561e06e88ca0, 4;
    %cmp/ne;
    %jmp/0xz  T_12.4, 6;
    %load/vec4 v0x561e06e88a50_0;
    %subi 1, 0, 32;
    %load/vec4 v0x561e06e88a50_0;
    %pad/s 33;
    %subi 1, 0, 33;
    %ix/vec4/s 4;
    %load/vec4a v0x561e06e88ca0, 4;
    %vpi_call 2 85 "$display", "ERROR at %d:output %h !=expect %h ", S<1,vec4,s32>, v0x561e06e88910_0, S<0,vec4,u1> {2 0 0};
    %load/vec4 v0x561e06e889b0_0;
    %addi 1, 0, 32;
    %store/vec4 v0x561e06e889b0_0, 0, 32;
T_12.4 ;
T_12.2 ;
    %jmp T_12;
    .thread T_12;
    .scope S_0x561e06e56af0;
T_13 ;
    %wait E_0x561e06e67220;
    %vpi_call 2 93 "$display", "---------------------------------------------\012" {0 0 0};
    %load/vec4 v0x561e06e889b0_0;
    %cmpi/e 0, 0, 32;
    %jmp/0xz  T_13.0, 4;
    %vpi_call 2 95 "$display", "All data have been generated successfully!\012" {0 0 0};
    %vpi_call 2 96 "$display", "-------------------GOOD-------------------\012" {0 0 0};
    %jmp T_13.1;
T_13.0 ;
    %vpi_call 2 99 "$display", "There are %d errors!\012", v0x561e06e889b0_0 {0 0 0};
    %vpi_call 2 100 "$display", "-------------------BAD--------------------\012" {0 0 0};
T_13.1 ;
    %vpi_call 2 102 "$fclose", v0x561e06e88b30_0 {0 0 0};
    %vpi_call 2 103 "$finish" {0 0 0};
    %end;
    .thread T_13;
# The file index is used to find the file name in the following table.
:file_names 4;
    "N/A";
    "<interactive>";
    "BCNN_tb.v";
    "BCNN.v";
